Using pre-set license
Built from '2022.3/staging' branch; Version is '2022.3.55f1 (9f374180d209) revision 10434369'; Using compiler version '192829333'; Build Type 'Release'
OS: 'Windows 10  (10.0.19045) 64bit CoreSingleLanguage' Language: 'en' Physical Memory: 7886 MB
BatchMode: 1, IsHumanControllingUs: 0, StartBugReporterOnCrash: 0, Is64bit: 1, IsPro: 1

COMMAND LINE ARGUMENTS:
D:\Program Files\Unity Hub\2022.3.55f1\Editor\Unity.exe
-adb2
-batchMode
-noUpm
-name
AssetImportWorker2
-projectPath
D:/Github/Canama-Virtudazo-SKATEPARK/sketpark
-logFile
Logs/AssetImportWorker2.log
-srvPort
49957
Successfully changed project path to: D:/Github/Canama-Virtudazo-SKATEPARK/sketpark
D:/Github/Canama-Virtudazo-SKATEPARK/sketpark
[UnityMemory] Configuration Parameters - Can be set up in boot.config
    "memorysetup-bucket-allocator-granularity=16"
    "memorysetup-bucket-allocator-bucket-count=8"
    "memorysetup-bucket-allocator-block-size=33554432"
    "memorysetup-bucket-allocator-block-count=8"
    "memorysetup-main-allocator-block-size=16777216"
    "memorysetup-thread-allocator-block-size=16777216"
    "memorysetup-gfx-main-allocator-block-size=16777216"
    "memorysetup-gfx-thread-allocator-block-size=16777216"
    "memorysetup-cache-allocator-block-size=4194304"
    "memorysetup-typetree-allocator-block-size=2097152"
    "memorysetup-profiler-bucket-allocator-granularity=16"
    "memorysetup-profiler-bucket-allocator-bucket-count=8"
    "memorysetup-profiler-bucket-allocator-block-size=33554432"
    "memorysetup-profiler-bucket-allocator-block-count=8"
    "memorysetup-profiler-allocator-block-size=16777216"
    "memorysetup-profiler-editor-allocator-block-size=1048576"
    "memorysetup-temp-allocator-size-main=16777216"
    "memorysetup-job-temp-allocator-block-size=2097152"
    "memorysetup-job-temp-allocator-block-size-background=1048576"
    "memorysetup-job-temp-allocator-reduction-small-platforms=262144"
    "memorysetup-allocator-temp-initial-block-size-main=262144"
    "memorysetup-allocator-temp-initial-block-size-worker=262144"
    "memorysetup-temp-allocator-size-background-worker=32768"
    "memorysetup-temp-allocator-size-job-worker=262144"
    "memorysetup-temp-allocator-size-preload-manager=33554432"
    "memorysetup-temp-allocator-size-nav-mesh-worker=65536"
    "memorysetup-temp-allocator-size-audio-worker=65536"
    "memorysetup-temp-allocator-size-cloud-worker=32768"
    "memorysetup-temp-allocator-size-gi-baking-worker=262144"
    "memorysetup-temp-allocator-size-gfx=262144"
Player connection [7516]  Target information:

Player connection [7516]  * "[IP] 192.168.1.5 [Port] 0 [Flags] 2 [Guid] 4173923298 [EditorId] 4173923298 [Version] 1048832 [Id] WindowsEditor(7,LAPTOP-0I9CED2O) [Debug] 1 [PackageName] WindowsEditor [ProjectName] Editor" 

Player connection [7516] Host joined multi-casting on [225.0.0.222:54997]...
Player connection [7516] Host joined alternative multi-casting on [225.0.0.222:34997]...
[PhysX] Initialized MultithreadedTaskDispatcher with 8 workers.
Refreshing native plugins compatible for Editor in 0.00 ms, found 0 plugins.
Preloading 0 native plugins for Editor in 0.00 ms.
Initialize engine version: 2022.3.55f1 (9f374180d209)
[Subsystems] Discovering subsystems at path D:/Program Files/Unity Hub/2022.3.55f1/Editor/Data/Resources/UnitySubsystems
[Subsystems] Discovering subsystems at path D:/Github/Canama-Virtudazo-SKATEPARK/sketpark/Assets
GfxDevice: creating device client; threaded=0; jobified=0
Direct3D:
    Version:  Direct3D 11.0 [level 11.1]
    Renderer: NVIDIA GeForce MX330 (ID=0x1d16)
    Vendor:   NVIDIA
    VRAM:     1968 MB
    Driver:   32.0.15.6070
Initialize mono
Mono path[0] = 'D:/Program Files/Unity Hub/2022.3.55f1/Editor/Data/Managed'
Mono path[1] = 'D:/Program Files/Unity Hub/2022.3.55f1/Editor/Data/MonoBleedingEdge/lib/mono/unityjit-win32'
Mono config path = 'D:/Program Files/Unity Hub/2022.3.55f1/Editor/Data/MonoBleedingEdge/etc'
Using monoOptions --debugger-agent=transport=dt_socket,embedding=1,server=y,suspend=n,address=127.0.0.1:56348
Begin MonoManager ReloadAssembly
Registering precompiled unity dll's ...
Register platform support module: D:/Program Files/Unity Hub/2022.3.55f1/Editor/Data/PlaybackEngines/WindowsStandaloneSupport/UnityEditor.WindowsStandalone.Extensions.dll
Registered in 0.031126 seconds.
- Loaded All Assemblies, in  3.164 seconds
Native extension for WindowsStandalone target not found
Mono: successfully reloaded assembly
- Finished resetting the current domain, in  0.916 seconds
Domain Reload Profiling: 4081ms
	BeginReloadAssembly (1875ms)
		ExecutionOrderSort (0ms)
		DisableScriptedObjects (0ms)
		BackupInstance (0ms)
		ReleaseScriptingObjects (0ms)
		CreateAndSetChildDomain (3ms)
	RebuildCommonClasses (208ms)
	RebuildNativeTypeToScriptingClass (19ms)
	initialDomainReloadingComplete (316ms)
	LoadAllAssembliesAndSetupDomain (746ms)
		LoadAssemblies (1854ms)
		RebuildTransferFunctionScriptingTraits (0ms)
		AnalyzeDomain (743ms)
			TypeCache.Refresh (741ms)
				TypeCache.ScanAssembly (549ms)
			ScanForSourceGeneratedMonoScriptInfo (1ms)
			ResolveRequiredComponents (0ms)
	FinalizeReload (917ms)
		ReleaseScriptCaches (0ms)
		RebuildScriptCaches (0ms)
		SetupLoadedEditorAssemblies (767ms)
			LogAssemblyErrors (0ms)
			InitializePlatformSupportModulesInManaged (52ms)
			SetLoadedEditorAssemblies (40ms)
			RefreshPlugins (0ms)
			BeforeProcessingInitializeOnLoad (3ms)
			ProcessInitializeOnLoadAttributes (498ms)
			ProcessInitializeOnLoadMethodAttributes (174ms)
			AfterProcessingInitializeOnLoad (0ms)
			EditorAssembliesLoaded (0ms)
		ExecutionOrderSort2 (0ms)
		AwakeInstancesAfterBackupRestoration (0ms)
========================================================================
Worker process is ready to serve import requests
Caller must complete domain reload
Begin MonoManager ReloadAssembly
- Loaded All Assemblies, in  0.548 seconds
Native extension for WindowsStandalone target not found
Mono: successfully reloaded assembly
- Finished resetting the current domain, in  0.654 seconds
Domain Reload Profiling: 1202ms
	BeginReloadAssembly (358ms)
		ExecutionOrderSort (0ms)
		DisableScriptedObjects (7ms)
		BackupInstance (0ms)
		ReleaseScriptingObjects (0ms)
		CreateAndSetChildDomain (57ms)
	RebuildCommonClasses (58ms)
	RebuildNativeTypeToScriptingClass (18ms)
	initialDomainReloadingComplete (33ms)
	LoadAllAssembliesAndSetupDomain (80ms)
		LoadAssemblies (263ms)
		RebuildTransferFunctionScriptingTraits (0ms)
		AnalyzeDomain (10ms)
			TypeCache.Refresh (8ms)
				TypeCache.ScanAssembly (0ms)
			ScanForSourceGeneratedMonoScriptInfo (1ms)
			ResolveRequiredComponents (1ms)
	FinalizeReload (655ms)
		ReleaseScriptCaches (0ms)
		RebuildScriptCaches (0ms)
		SetupLoadedEditorAssemblies (430ms)
			LogAssemblyErrors (0ms)
			InitializePlatformSupportModulesInManaged (8ms)
			SetLoadedEditorAssemblies (10ms)
			RefreshPlugins (0ms)
			BeforeProcessingInitializeOnLoad (45ms)
			ProcessInitializeOnLoadAttributes (330ms)
			ProcessInitializeOnLoadMethodAttributes (33ms)
			AfterProcessingInitializeOnLoad (5ms)
			EditorAssembliesLoaded (0ms)
		ExecutionOrderSort2 (0ms)
		AwakeInstancesAfterBackupRestoration (13ms)
Launched and connected shader compiler UnityShaderCompiler.exe after 0.19 seconds
Refreshing native plugins compatible for Editor in 0.00 ms, found 0 plugins.
Preloading 0 native plugins for Editor in 0.00 ms.
Unloading 9 Unused Serialized files (Serialized files now loaded: 0)
Unloading 3 unused Assets / (413.3 KB). Loaded Objects now: 480.
Memory consumption went from 49.4 MB to 49.0 MB.
Total: 47.310100 ms (FindLiveObjects: 0.118300 ms CreateObjectMapping: 0.007500 ms MarkObjects: 47.053900 ms  DeleteObjects: 0.125700 ms)

AssetImportParameters requested are different than current active one (requested -> active):
  custom:video-decoder-ogg-theora: a1e56fd34408186e4bbccfd4996cb3dc -> 
  custom:container-muxer-webm: aa71ff27fc2769a1b78a27578f13a17b -> 
  custom:container-demuxer-webm: 4f35f7cbe854078d1ac9338744f61a02 -> 
  custom:video-encoder-webm-vp8: eb34c28f22e8b96e1ab97ce403110664 -> 
  custom:video-codec-MediaFoundation-h265: 746d11721c4dcdbdad8f713fa42b33f4 -> 
  custom:CustomObjectIndexerAttribute: 9a22284fe3817be447336de3de66b15e -> 
  custom:audio-encoder-webm-vorbis: bf7c407c2cedff20999df2af8eb42d56 -> 
  custom:framework-win-MediaFoundation: 216162199b28c13a410421893ffa2e32 -> 
  custom:SearchIndexIgnoredProperties: e643bd26f0fe6173181afceb89e7c659 -> 
  custom:container-demuxer-ogg: 62fdf1f143b41e24485cea50d1cbac27 -> 
  custom:video-decoder-webm-vp8: 9c59270c3fd7afecdb556c50c9e8de78 -> 
  custom:audio-decoder-ogg-vorbis: bf7c407c2cedff20999df2af8eb42d56 -> 
  custom:AudioImporter_EditorPlatform: d09bf68614088b80899f8185d706f6e7 -> 
========================================================================
Received Import Request.
  Time since last request: 1308.890250 seconds.
  path: Assets/kenney_mini-skate/Models/FBX format/steps.fbx
  artifactKey: Guid(550bb196fb7e438438427250ee7c891f) Importer(2089858483,0ecaa5967403d082aa24f35e1b516d23)
Start importing Assets/kenney_mini-skate/Models/FBX format/steps.fbx using Guid(550bb196fb7e438438427250ee7c891f) Importer(2089858483,0ecaa5967403d082aa24f35e1b516d23) [PhysX] Initialized MultithreadedTaskDispatcher with 8 workers.
 -> (artifact id: 'cd7b7177d0cf60cef00768b98c5fe64d') in 1.376665 seconds
Number of updated asset objects reloaded before import = 0
Number of asset objects unloaded after import = 9
========================================================================
Received Import Request.
  Time since last request: 0.000030 seconds.
  path: Assets/kenney_mini-skate/Previews/bowl-corner-outer.png
  artifactKey: Guid(257615dbfc110cc40866b9a0a9379800) Importer(2089858483,0ecaa5967403d082aa24f35e1b516d23)
Start importing Assets/kenney_mini-skate/Previews/bowl-corner-outer.png using Guid(257615dbfc110cc40866b9a0a9379800) Importer(2089858483,0ecaa5967403d082aa24f35e1b516d23) [PhysX] Initialized MultithreadedTaskDispatcher with 8 workers.
 -> (artifact id: 'dd51604a4ac8a6c6298d36f38e75f413') in 0.366484 seconds
Number of updated asset objects reloaded before import = 0
Number of asset objects unloaded after import = 1
========================================================================
Received Import Request.
  Time since last request: 0.000042 seconds.
  path: Assets/kenney_mini-skate/Models/OBJ format/bowl-corner-outer.mtl
  artifactKey: Guid(546601307a9c59840a942d23c9a11a9d) Importer(2089858483,0ecaa5967403d082aa24f35e1b516d23)
Start importing Assets/kenney_mini-skate/Models/OBJ format/bowl-corner-outer.mtl using Guid(546601307a9c59840a942d23c9a11a9d) Importer(2089858483,0ecaa5967403d082aa24f35e1b516d23) [PhysX] Initialized MultithreadedTaskDispatcher with 8 workers.
 -> (artifact id: '00a10f936b59b3b33f339994e94da0de') in 0.004840 seconds
Number of updated asset objects reloaded before import = 0
Number of asset objects unloaded after import = 1
========================================================================
Received Import Request.
  Time since last request: 0.000136 seconds.
  path: Assets/kenney_mini-skate/Models/FBX format/structure-platform.fbx
  artifactKey: Guid(0f6abf661e55b1545b385bcb63867a33) Importer(2089858483,0ecaa5967403d082aa24f35e1b516d23)
Start importing Assets/kenney_mini-skate/Models/FBX format/structure-platform.fbx using Guid(0f6abf661e55b1545b385bcb63867a33) Importer(2089858483,0ecaa5967403d082aa24f35e1b516d23) [PhysX] Initialized MultithreadedTaskDispatcher with 8 workers.
 -> (artifact id: '575b8e0be2e96dd267975837428ee37d') in 0.107693 seconds
Number of updated asset objects reloaded before import = 0
Number of asset objects unloaded after import = 9
========================================================================
Received Import Request.
  Time since last request: 0.000029 seconds.
  path: Assets/kenney_mini-skate/Models/GLB format/rail-curve.glb
  artifactKey: Guid(2f86dd8759ee0cd4c844a5d04d333c79) Importer(2089858483,0ecaa5967403d082aa24f35e1b516d23)
Start importing Assets/kenney_mini-skate/Models/GLB format/rail-curve.glb using Guid(2f86dd8759ee0cd4c844a5d04d333c79) Importer(2089858483,0ecaa5967403d082aa24f35e1b516d23) [PhysX] Initialized MultithreadedTaskDispatcher with 8 workers.
 -> (artifact id: '13586b2120159e3e292cde666b2a18a0') in 0.018974 seconds
Number of updated asset objects reloaded before import = 0
Number of asset objects unloaded after import = 1
========================================================================
Received Import Request.
  Time since last request: 0.000141 seconds.
  path: Assets/kenney_mini-skate/Models/FBX format/character-skate-girl.fbx
  artifactKey: Guid(479247a7c1406cb4386325638ef87764) Importer(2089858483,0ecaa5967403d082aa24f35e1b516d23)
Start importing Assets/kenney_mini-skate/Models/FBX format/character-skate-girl.fbx using Guid(479247a7c1406cb4386325638ef87764) Importer(2089858483,0ecaa5967403d082aa24f35e1b516d23) [PhysX] Initialized MultithreadedTaskDispatcher with 8 workers.
 -> (artifact id: 'db60ea511dfb9255dc37324c38d7a456') in 0.210472 seconds
Number of updated asset objects reloaded before import = 0
Number of asset objects unloaded after import = 67
========================================================================
Received Import Request.
  Time since last request: 0.000046 seconds.
  path: Assets/kenney_mini-skate/Models/OBJ format/steps.obj
  artifactKey: Guid(b75447be27cf8a54eac7dfbfedbc8ae1) Importer(2089858483,0ecaa5967403d082aa24f35e1b516d23)
Start importing Assets/kenney_mini-skate/Models/OBJ format/steps.obj using Guid(b75447be27cf8a54eac7dfbfedbc8ae1) Importer(2089858483,0ecaa5967403d082aa24f35e1b516d23) [PhysX] Initialized MultithreadedTaskDispatcher with 8 workers.
 -> (artifact id: '03d8fdfa2e376cf01a01b71a76f8480d') in 0.071507 seconds
Number of updated asset objects reloaded before import = 0
Number of asset objects unloaded after import = 11
========================================================================
Received Import Request.
  Time since last request: 0.000041 seconds.
  path: Assets/kenney_mini-skate/Previews/structure-wood.png
  artifactKey: Guid(b1eda06ce2443174f8515b5f59dd553d) Importer(2089858483,0ecaa5967403d082aa24f35e1b516d23)
Start importing Assets/kenney_mini-skate/Previews/structure-wood.png using Guid(b1eda06ce2443174f8515b5f59dd553d) Importer(2089858483,0ecaa5967403d082aa24f35e1b516d23) [PhysX] Initialized MultithreadedTaskDispatcher with 8 workers.
 -> (artifact id: '888c766f8204008b126044657297a0ba') in 0.096047 seconds
Number of updated asset objects reloaded before import = 0
Number of asset objects unloaded after import = 1
========================================================================
Received Import Request.
  Time since last request: 0.000028 seconds.
  path: Assets/kenney_mini-skate/Models/OBJ format/skateboard.mtl
  artifactKey: Guid(2aee353d9be1c2844afaf2b9c3e69217) Importer(2089858483,0ecaa5967403d082aa24f35e1b516d23)
Start importing Assets/kenney_mini-skate/Models/OBJ format/skateboard.mtl using Guid(2aee353d9be1c2844afaf2b9c3e69217) Importer(2089858483,0ecaa5967403d082aa24f35e1b516d23) [PhysX] Initialized MultithreadedTaskDispatcher with 8 workers.
 -> (artifact id: '8d7c501669663369003a2b7ae8d50df7') in 0.010617 seconds
Number of updated asset objects reloaded before import = 0
Number of asset objects unloaded after import = 1
========================================================================
Received Import Request.
  Time since last request: 0.000055 seconds.
  path: Assets/kenney_mini-skate/Models/OBJ format/rail-low.mtl
  artifactKey: Guid(4c21e2714f5f2a44286302aa028febe7) Importer(2089858483,0ecaa5967403d082aa24f35e1b516d23)
Start importing Assets/kenney_mini-skate/Models/OBJ format/rail-low.mtl using Guid(4c21e2714f5f2a44286302aa028febe7) Importer(2089858483,0ecaa5967403d082aa24f35e1b516d23) [PhysX] Initialized MultithreadedTaskDispatcher with 8 workers.
 -> (artifact id: 'ff6dde1f2fe22b6d665942cbc1d9aacb') in 0.021400 seconds
Number of updated asset objects reloaded before import = 0
Number of asset objects unloaded after import = 1
========================================================================
Received Import Request.
  Time since last request: 0.000036 seconds.
  path: Assets/kenney_mini-skate/Models/GLB format/floor-concrete.glb
  artifactKey: Guid(ee09b27d09a6b5d4db1dbd32e8dbe143) Importer(2089858483,0ecaa5967403d082aa24f35e1b516d23)
Start importing Assets/kenney_mini-skate/Models/GLB format/floor-concrete.glb using Guid(ee09b27d09a6b5d4db1dbd32e8dbe143) Importer(2089858483,0ecaa5967403d082aa24f35e1b516d23) [PhysX] Initialized MultithreadedTaskDispatcher with 8 workers.
 -> (artifact id: '5649ac1e426150cd5da126562221d433') in 0.020652 seconds
Number of updated asset objects reloaded before import = 0
Number of asset objects unloaded after import = 1
========================================================================
Received Import Request.
  Time since last request: 0.000029 seconds.
  path: Assets/kenney_mini-skate/Models/GLB format/obstacle-middle.glb
  artifactKey: Guid(4e227142f37360341a5aa281c21cc2ff) Importer(2089858483,0ecaa5967403d082aa24f35e1b516d23)
Start importing Assets/kenney_mini-skate/Models/GLB format/obstacle-middle.glb using Guid(4e227142f37360341a5aa281c21cc2ff) Importer(2089858483,0ecaa5967403d082aa24f35e1b516d23) [PhysX] Initialized MultithreadedTaskDispatcher with 8 workers.
 -> (artifact id: '081be308fff999fc9f2c3b7d39713b6c') in 0.031916 seconds
Number of updated asset objects reloaded before import = 0
Number of asset objects unloaded after import = 1
========================================================================
Received Import Request.
  Time since last request: 0.000175 seconds.
  path: Assets/kenney_mini-skate/Models/OBJ format/floor-wood.obj
  artifactKey: Guid(be748f1689d9f0b42889f3994ba5fda4) Importer(2089858483,0ecaa5967403d082aa24f35e1b516d23)
Start importing Assets/kenney_mini-skate/Models/OBJ format/floor-wood.obj using Guid(be748f1689d9f0b42889f3994ba5fda4) Importer(2089858483,0ecaa5967403d082aa24f35e1b516d23) [PhysX] Initialized MultithreadedTaskDispatcher with 8 workers.
 -> (artifact id: '0958137cdc577047733d451d64a95059') in 0.154117 seconds
Number of updated asset objects reloaded before import = 0
Number of asset objects unloaded after import = 11
========================================================================
Received Import Request.
  Time since last request: 0.000027 seconds.
  path: Assets/kenney_mini-skate/Models/OBJ format/rail-high.mtl
  artifactKey: Guid(5fb1f1967269d114899b30f24ddfd298) Importer(2089858483,0ecaa5967403d082aa24f35e1b516d23)
Start importing Assets/kenney_mini-skate/Models/OBJ format/rail-high.mtl using Guid(5fb1f1967269d114899b30f24ddfd298) Importer(2089858483,0ecaa5967403d082aa24f35e1b516d23) [PhysX] Initialized MultithreadedTaskDispatcher with 8 workers.
 -> (artifact id: 'b8f34e623ec4dd3934ba0bb499e056ce') in 0.005484 seconds
Number of updated asset objects reloaded before import = 0
Number of asset objects unloaded after import = 1
========================================================================
Received Import Request.
  Time since last request: 0.000055 seconds.
  path: Assets/kenney_mini-skate/Models/OBJ format/character-skate-boy.obj
  artifactKey: Guid(27c72f5f3554d744ba1350ba18befeb5) Importer(2089858483,0ecaa5967403d082aa24f35e1b516d23)
Start importing Assets/kenney_mini-skate/Models/OBJ format/character-skate-boy.obj using Guid(27c72f5f3554d744ba1350ba18befeb5) Importer(2089858483,0ecaa5967403d082aa24f35e1b516d23) [PhysX] Initialized MultithreadedTaskDispatcher with 8 workers.
 -> (artifact id: 'c25e203d0861f256ac7d87d31189fda0') in 0.075133 seconds
Number of updated asset objects reloaded before import = 0
Number of asset objects unloaded after import = 41
========================================================================
Received Import Request.
  Time since last request: 0.000026 seconds.
  path: Assets/kenney_mini-skate/Models/OBJ format/structure-wood.obj
  artifactKey: Guid(d67c463bc73ad574ba8a6d95391460d5) Importer(2089858483,0ecaa5967403d082aa24f35e1b516d23)
Start importing Assets/kenney_mini-skate/Models/OBJ format/structure-wood.obj using Guid(d67c463bc73ad574ba8a6d95391460d5) Importer(2089858483,0ecaa5967403d082aa24f35e1b516d23) [PhysX] Initialized MultithreadedTaskDispatcher with 8 workers.
 -> (artifact id: 'fe42f0419c7287559f46835caeb58943') in 0.054286 seconds
Number of updated asset objects reloaded before import = 0
Number of asset objects unloaded after import = 11
========================================================================
Received Import Request.
  Time since last request: 0.000110 seconds.
  path: Assets/kenney_mini-skate/Models/OBJ format/bowl-side.obj
  artifactKey: Guid(7b1ee00dc71d77e48ae79661f8410b88) Importer(2089858483,0ecaa5967403d082aa24f35e1b516d23)
Start importing Assets/kenney_mini-skate/Models/OBJ format/bowl-side.obj using Guid(7b1ee00dc71d77e48ae79661f8410b88) Importer(2089858483,0ecaa5967403d082aa24f35e1b516d23) [PhysX] Initialized MultithreadedTaskDispatcher with 8 workers.
 -> (artifact id: '22e26c6c5989abb1a15e46ccc8105ab4') in 0.075812 seconds
Number of updated asset objects reloaded before import = 0
Number of asset objects unloaded after import = 11
========================================================================
Received Import Request.
  Time since last request: 0.000025 seconds.
  path: Assets/kenney_mini-skate/Models/GLB format/rail-low.glb
  artifactKey: Guid(77bef2472a885ba4c93712756c42440e) Importer(2089858483,0ecaa5967403d082aa24f35e1b516d23)
Start importing Assets/kenney_mini-skate/Models/GLB format/rail-low.glb using Guid(77bef2472a885ba4c93712756c42440e) Importer(2089858483,0ecaa5967403d082aa24f35e1b516d23) [PhysX] Initialized MultithreadedTaskDispatcher with 8 workers.
 -> (artifact id: '41ee4a3878fb2a5d32147eb51a3e65dc') in 0.071016 seconds
Number of updated asset objects reloaded before import = 0
Number of asset objects unloaded after import = 1
========================================================================
Received Import Request.
  Time since last request: 0.000053 seconds.
  path: Assets/kenney_mini-skate/Models/OBJ format/rail-slope.mtl
  artifactKey: Guid(1125db214c08aa44199a85dea064c17b) Importer(2089858483,0ecaa5967403d082aa24f35e1b516d23)
Start importing Assets/kenney_mini-skate/Models/OBJ format/rail-slope.mtl using Guid(1125db214c08aa44199a85dea064c17b) Importer(2089858483,0ecaa5967403d082aa24f35e1b516d23) [PhysX] Initialized MultithreadedTaskDispatcher with 8 workers.
 -> (artifact id: '78db312b3f0030cd4b82be2e18c14d50') in 0.019569 seconds
Number of updated asset objects reloaded before import = 0
Number of asset objects unloaded after import = 1
========================================================================
Received Import Request.
  Time since last request: 0.000097 seconds.
  path: Assets/kenney_mini-skate/Models/OBJ format/obstacle-box.mtl
  artifactKey: Guid(670836b749d454c4aad1ac8868d2420a) Importer(2089858483,0ecaa5967403d082aa24f35e1b516d23)
Start importing Assets/kenney_mini-skate/Models/OBJ format/obstacle-box.mtl using Guid(670836b749d454c4aad1ac8868d2420a) Importer(2089858483,0ecaa5967403d082aa24f35e1b516d23) [PhysX] Initialized MultithreadedTaskDispatcher with 8 workers.
 -> (artifact id: '66472bd4ffc69bda3ff2dabce62d324f') in 0.032558 seconds
Number of updated asset objects reloaded before import = 0
Number of asset objects unloaded after import = 1
========================================================================
Received Import Request.
  Time since last request: 0.000139 seconds.
  path: Assets/kenney_mini-skate/Models/GLB format/half-pipe.glb
  artifactKey: Guid(9d88f7c3c4d108243bf21ee94b93b6b9) Importer(2089858483,0ecaa5967403d082aa24f35e1b516d23)
Start importing Assets/kenney_mini-skate/Models/GLB format/half-pipe.glb using Guid(9d88f7c3c4d108243bf21ee94b93b6b9) Importer(2089858483,0ecaa5967403d082aa24f35e1b516d23) [PhysX] Initialized MultithreadedTaskDispatcher with 8 workers.
 -> (artifact id: '1698c5178e4089f0f2b4eaf0afafd08c') in 0.005615 seconds
Number of updated asset objects reloaded before import = 0
Number of asset objects unloaded after import = 1
========================================================================
Received Import Request.
  Time since last request: 0.000095 seconds.
  path: Assets/kenney_mini-skate/Previews/bowl-corner-inner.png
  artifactKey: Guid(ad3e7b66e727ac34eaca3558c8135db6) Importer(2089858483,0ecaa5967403d082aa24f35e1b516d23)
Start importing Assets/kenney_mini-skate/Previews/bowl-corner-inner.png using Guid(ad3e7b66e727ac34eaca3558c8135db6) Importer(2089858483,0ecaa5967403d082aa24f35e1b516d23) [PhysX] Initialized MultithreadedTaskDispatcher with 8 workers.
 -> (artifact id: 'db661f1d06c6402bf0bb776f2e6bd526') in 0.094515 seconds
Number of updated asset objects reloaded before import = 0
Number of asset objects unloaded after import = 1
========================================================================
Received Import Request.
  Time since last request: 0.000225 seconds.
  path: Assets/kenney_mini-skate/Models/OBJ format/pallet.obj
  artifactKey: Guid(12c4b90491245d74b8d40088c0418e93) Importer(2089858483,0ecaa5967403d082aa24f35e1b516d23)
Start importing Assets/kenney_mini-skate/Models/OBJ format/pallet.obj using Guid(12c4b90491245d74b8d40088c0418e93) Importer(2089858483,0ecaa5967403d082aa24f35e1b516d23) [PhysX] Initialized MultithreadedTaskDispatcher with 8 workers.
 -> (artifact id: '7271d8ffa5cd7806e8acda80b8834f4c') in 0.057317 seconds
Number of updated asset objects reloaded before import = 0
Number of asset objects unloaded after import = 11
Editor requested this worker to shutdown with reason: Scaling down because of idle timeout
TcpMessagingSession - receive error: operation aborted. errorcode: 995, details: The I/O operation has been aborted because of either a thread exit or an application request.
AssetImportWorker is now disconnected from the server
Process exiting
Exiting without the bug reporter. Application will terminate with return code 0